<?xml version="1.0" encoding="UTF-8" ?>
<testsuite tests="18" failures="4" name="TestSuite" time="301.215" errors="0" skipped="0">
  <properties>
[...]
</properties>
  <testcase classname="theInternetTestNG.CheckboxesTestNG" name="Navigate" time="46.276"/>
  <testcase classname="theInternetTestNG.CheckboxesTestNG" name="test" time="20.75"/>
  <testcase classname="theInternetTestNG.ForgotPasswordTestNG" name="Navigate" time="13.887"/>
  <testcase classname="theInternetTestNG.ForgotPasswordTestNG" name="test" time="17.037"/>
  <testcase classname="theInternetTestNG.DynamicLoadingTestNG" name="Navigate" time="14.755"/>
  <testcase classname="theInternetTestNG.DynamicLoadingTestNG" name="test" time="16.053"/>
  <testcase classname="theInternetTestNG.FramesTestNG" name="Navigate" time="20.491"/>
  <testcase classname="theInternetTestNG.FramesTestNG" name="test" time="31.128"/>
  <testcase classname="theInternetTestNG.JavaScriptAlertTestNG" name="Navigate" time="20.249">
    <failure message="Timed out waiting for driver server to start.
Build info: version: &apos;3.8.1&apos;, revision: &apos;6e95a6684b&apos;, time: &apos;2017-12-01T18:33:54.468Z&apos;
System info: host: &apos;GSWD-WIGBAL&apos;, ip: &apos;10.238.242.140&apos;, os.name: &apos;Windows 10&apos;, os.arch: &apos;amd64&apos;, os.version: &apos;10.0&apos;, java.version: &apos;1.8.0_151&apos;
Driver info: driver.version: ChromeDriver" type="org.openqa.selenium.WebDriverException">org.openqa.selenium.WebDriverException: Timed out waiting for driver server to start.
Build info: version: &apos;3.8.1&apos;, revision: &apos;6e95a6684b&apos;, time: &apos;2017-12-01T18:33:54.468Z&apos;
System info: host: &apos;GSWD-WIGBAL&apos;, ip: &apos;10.238.242.140&apos;, os.name: &apos;Windows 10&apos;, os.arch: &apos;amd64&apos;, os.version: &apos;10.0&apos;, java.version: &apos;1.8.0_151&apos;
Driver info: driver.version: ChromeDriver
	at org.openqa.selenium.remote.service.DriverService.waitUntilAvailable(DriverService.java:192)
	at org.openqa.selenium.remote.service.DriverService.start(DriverService.java:178)
	at org.openqa.selenium.remote.service.DriverCommandExecutor.execute(DriverCommandExecutor.java:79)
	at org.openqa.selenium.remote.RemoteWebDriver.execute(RemoteWebDriver.java:601)
	at org.openqa.selenium.remote.RemoteWebDriver.startSession(RemoteWebDriver.java:219)
	at org.openqa.selenium.remote.RemoteWebDriver.&lt;init&gt;(RemoteWebDriver.java:142)
	at org.openqa.selenium.chrome.ChromeDriver.&lt;init&gt;(ChromeDriver.java:181)
	at org.openqa.selenium.chrome.ChromeDriver.&lt;init&gt;(ChromeDriver.java:168)
	at org.openqa.selenium.chrome.ChromeDriver.&lt;init&gt;(ChromeDriver.java:123)
	at theInternetTestNG.JavaScriptAlertTestNG.Navigate(JavaScriptAlertTestNG.java:29)
Caused by: org.openqa.selenium.net.UrlChecker$TimeoutException: Timed out waiting for [http://localhost:24391/status] to be available after 20003 ms
	at org.openqa.selenium.net.UrlChecker.waitUntilAvailable(UrlChecker.java:100)
	at org.openqa.selenium.remote.service.DriverService.waitUntilAvailable(DriverService.java:187)
	... 43 more
Caused by: java.util.concurrent.TimeoutException
	at java.util.concurrent.FutureTask.get(FutureTask.java:205)
	at com.google.common.util.concurrent.SimpleTimeLimiter.callWithTimeout(SimpleTimeLimiter.java:147)
	at org.openqa.selenium.net.UrlChecker.waitUntilAvailable(UrlChecker.java:75)
	... 44 more
</failure>
  </testcase>
  <testcase classname="theInternetTestNG.JavaScriptAlertTestNG" name="test" time="0">
    <failure type="java.lang.NullPointerException">java.lang.NullPointerException
	at org.openqa.selenium.support.pagefactory.DefaultElementLocator.findElement(DefaultElementLocator.java:69)
	at org.openqa.selenium.support.pagefactory.internal.LocatingElementHandler.invoke(LocatingElementHandler.java:38)
	at com.sun.proxy.$Proxy7.click(Unknown Source)
	at pageObjectModel.Home.clickJavaScriptAlerts(Home.java:85)
	at theInternetTestNG.JavaScriptAlertTestNG.test(JavaScriptAlertTestNG.java:37)
</failure>
  </testcase>
  <testcase classname="theInternetTestNG.HoversTestNG" name="Navigate" time="21.97"/>
  <testcase classname="theInternetTestNG.HoversTestNG" name="test" time="2.795"/>
  <testcase classname="theInternetTestNG.DropDownTestNG" name="Navigate" time="22.282"/>
  <testcase classname="theInternetTestNG.DropDownTestNG" name="test" time="5.166"/>
  <testcase classname="theInternetTestNG.DynamicControlTestNG" name="Navigate" time="22.583"/>
  <testcase classname="theInternetTestNG.DynamicControlTestNG" name="test" time="5.624"/>
  <testcase classname="theInternetTestNG.BasicAuthTestNG" name="Navigate" time="20.169">
    <failure message="Timed out waiting for driver server to start.
Build info: version: &apos;3.8.1&apos;, revision: &apos;6e95a6684b&apos;, time: &apos;2017-12-01T18:33:54.468Z&apos;
System info: host: &apos;GSWD-WIGBAL&apos;, ip: &apos;10.238.242.140&apos;, os.name: &apos;Windows 10&apos;, os.arch: &apos;amd64&apos;, os.version: &apos;10.0&apos;, java.version: &apos;1.8.0_151&apos;
Driver info: driver.version: ChromeDriver" type="org.openqa.selenium.WebDriverException">org.openqa.selenium.WebDriverException: Timed out waiting for driver server to start.
Build info: version: &apos;3.8.1&apos;, revision: &apos;6e95a6684b&apos;, time: &apos;2017-12-01T18:33:54.468Z&apos;
System info: host: &apos;GSWD-WIGBAL&apos;, ip: &apos;10.238.242.140&apos;, os.name: &apos;Windows 10&apos;, os.arch: &apos;amd64&apos;, os.version: &apos;10.0&apos;, java.version: &apos;1.8.0_151&apos;
Driver info: driver.version: ChromeDriver
	at org.openqa.selenium.remote.service.DriverService.waitUntilAvailable(DriverService.java:192)
	at org.openqa.selenium.remote.service.DriverService.start(DriverService.java:178)
	at org.openqa.selenium.remote.service.DriverCommandExecutor.execute(DriverCommandExecutor.java:79)
	at org.openqa.selenium.remote.RemoteWebDriver.execute(RemoteWebDriver.java:601)
	at org.openqa.selenium.remote.RemoteWebDriver.startSession(RemoteWebDriver.java:219)
	at org.openqa.selenium.remote.RemoteWebDriver.&lt;init&gt;(RemoteWebDriver.java:142)
	at org.openqa.selenium.chrome.ChromeDriver.&lt;init&gt;(ChromeDriver.java:181)
	at org.openqa.selenium.chrome.ChromeDriver.&lt;init&gt;(ChromeDriver.java:168)
	at org.openqa.selenium.chrome.ChromeDriver.&lt;init&gt;(ChromeDriver.java:123)
	at theInternetTestNG.BasicAuthTestNG.Navigate(BasicAuthTestNG.java:26)
Caused by: org.openqa.selenium.net.UrlChecker$TimeoutException: Timed out waiting for [http://localhost:45855/status] to be available after 20010 ms
	at org.openqa.selenium.net.UrlChecker.waitUntilAvailable(UrlChecker.java:100)
	at org.openqa.selenium.remote.service.DriverService.waitUntilAvailable(DriverService.java:187)
	... 43 more
Caused by: java.util.concurrent.TimeoutException
	at java.util.concurrent.FutureTask.get(FutureTask.java:205)
	at com.google.common.util.concurrent.SimpleTimeLimiter.callWithTimeout(SimpleTimeLimiter.java:147)
	at org.openqa.selenium.net.UrlChecker.waitUntilAvailable(UrlChecker.java:75)
	... 44 more
</failure>
  </testcase>
  <testcase classname="theInternetTestNG.BasicAuthTestNG" name="test" time="0">
    <failure type="java.lang.NullPointerException">java.lang.NullPointerException
	at pageObjectModel.Home.insertCred(Home.java:57)
	at theInternetTestNG.BasicAuthTestNG.test(BasicAuthTestNG.java:34)
</failure>
  </testcase>
</testsuite>