<?xml version="1.0" encoding="UTF-8"?>
<testng-results skipped="0" failed="1" ignored="0" total="18" passed="17">
  <reporter-output>
  </reporter-output>
  <suite name="Suite" duration-ms="112646" started-at="2017-12-11T17:39:01Z" finished-at="2017-12-11T17:40:53Z">
    <groups>
    </groups>
    <test name="Test" duration-ms="20540" started-at="2017-12-11T17:39:01Z" finished-at="2017-12-11T17:39:21Z">
      <class name="theInternetTestNG.CheckboxesTestNG">
        <test-method status="PASS" signature="pathConnection()[pri:0, instance:theInternetTestNG.CheckboxesTestNG@14acaea5]" name="pathConnection" is-config="true" duration-ms="14" started-at="2017-12-11T12:39:01Z" finished-at="2017-12-11T12:39:01Z">
          <reporter-output>
          </reporter-output>
        </test-method> <!-- pathConnection -->
        <test-method status="PASS" signature="Navigate()[pri:0, instance:theInternetTestNG.CheckboxesTestNG@14acaea5]" name="Navigate" duration-ms="19304" started-at="2017-12-11T12:39:01Z" finished-at="2017-12-11T12:39:20Z">
          <reporter-output>
          </reporter-output>
        </test-method> <!-- Navigate -->
        <test-method status="PASS" signature="test()[pri:0, instance:theInternetTestNG.CheckboxesTestNG@14acaea5]" name="test" duration-ms="1142" started-at="2017-12-11T12:39:20Z" finished-at="2017-12-11T12:39:21Z">
          <reporter-output>
          </reporter-output>
        </test-method> <!-- test -->
      </class> <!-- theInternetTestNG.CheckboxesTestNG -->
    </test> <!-- Test -->
    <test name="Test1" duration-ms="10658" started-at="2017-12-11T17:39:22Z" finished-at="2017-12-11T17:39:33Z">
      <class name="theInternetTestNG.ForgotPasswordTestNG">
        <test-method status="PASS" signature="pathConnection()[pri:0, instance:theInternetTestNG.ForgotPasswordTestNG@57baeedf]" name="pathConnection" is-config="true" duration-ms="0" started-at="2017-12-11T12:39:22Z" finished-at="2017-12-11T12:39:22Z">
          <reporter-output>
          </reporter-output>
        </test-method> <!-- pathConnection -->
        <test-method status="PASS" signature="Navigate()[pri:0, instance:theInternetTestNG.ForgotPasswordTestNG@57baeedf]" name="Navigate" duration-ms="9516" started-at="2017-12-11T12:39:22Z" finished-at="2017-12-11T12:39:32Z">
          <reporter-output>
          </reporter-output>
        </test-method> <!-- Navigate -->
        <test-method status="PASS" signature="test()[pri:0, instance:theInternetTestNG.ForgotPasswordTestNG@57baeedf]" name="test" duration-ms="1134" started-at="2017-12-11T12:39:32Z" finished-at="2017-12-11T12:39:33Z">
          <reporter-output>
          </reporter-output>
        </test-method> <!-- test -->
      </class> <!-- theInternetTestNG.ForgotPasswordTestNG -->
    </test> <!-- Test1 -->
    <test name="Test2" duration-ms="10770" started-at="2017-12-11T17:39:33Z" finished-at="2017-12-11T17:39:44Z">
      <class name="theInternetTestNG.DynamicLoadingTestNG">
        <test-method status="PASS" signature="pathConnection()[pri:0, instance:theInternetTestNG.DynamicLoadingTestNG@204f30ec]" name="pathConnection" is-config="true" duration-ms="1" started-at="2017-12-11T12:39:33Z" finished-at="2017-12-11T12:39:33Z">
          <reporter-output>
          </reporter-output>
        </test-method> <!-- pathConnection -->
        <test-method status="PASS" signature="Navigate()[pri:0, instance:theInternetTestNG.DynamicLoadingTestNG@204f30ec]" name="Navigate" duration-ms="10363" started-at="2017-12-11T12:39:33Z" finished-at="2017-12-11T12:39:43Z">
          <reporter-output>
          </reporter-output>
        </test-method> <!-- Navigate -->
        <test-method status="FAIL" signature="test()[pri:0, instance:theInternetTestNG.DynamicLoadingTestNG@204f30ec]" name="test" duration-ms="245" started-at="2017-12-11T12:39:43Z" finished-at="2017-12-11T12:39:44Z">
          <exception class="org.openqa.selenium.NoSuchWindowException">
            <message>
              <![CDATA[no such window: target window already closedfrom unknown error: web view not found  (Session info: chrome=62.0.3202.94)  (Driver info: chromedriver=2.33.506120 (e3e53437346286c0bc2d2dc9aa4915ba81d9023f),platform=Windows NT 10.0.16299 x86_64) (WARNING: The server did not provide any stacktrace information)Command duration or timeout: 0 millisecondsBuild info: version: '3.8.1', revision: '6e95a6684b', time: '2017-12-01T18:33:54.468Z'System info: host: 'GSWD-WIGBAL', ip: '10.238.242.140', os.name: 'Windows 10', os.arch: 'amd64', os.version: '10.0', java.version: '1.8.0_151'Driver info: org.openqa.selenium.chrome.ChromeDriverCapabilities {acceptSslCerts: true, applicationCacheEnabled: false, browserConnectionEnabled: false, browserName: chrome, chrome: {chromedriverVersion: 2.33.506120 (e3e53437346286..., userDataDir: C:\Users\WAJAHA~1.IQB\AppDa...}, cssSelectorsEnabled: true, databaseEnabled: false, handlesAlerts: true, hasTouchScreen: false, javascriptEnabled: true, locationContextEnabled: true, mobileEmulationEnabled: false, nativeEvents: true, networkConnectionEnabled: false, pageLoadStrategy: normal, platform: XP, platformName: XP, rotatable: false, setWindowRect: true, takesHeapSnapshot: true, takesScreenshot: true, unexpectedAlertBehaviour: , unhandledPromptBehavior: , version: 62.0.3202.94, webStorageEnabled: true}Session ID: c1419aa1b30a741b59054263825fe4d6*** Element info: {Using=xpath, value=//*[@id='content']/ul/li[12]/a}]]>
            </message>
            <full-stacktrace>
              <![CDATA[org.openqa.selenium.NoSuchWindowException: no such window: target window already closedfrom unknown error: web view not found  (Session info: chrome=62.0.3202.94)  (Driver info: chromedriver=2.33.506120 (e3e53437346286c0bc2d2dc9aa4915ba81d9023f),platform=Windows NT 10.0.16299 x86_64) (WARNING: The server did not provide any stacktrace information)Command duration or timeout: 0 millisecondsBuild info: version: '3.8.1', revision: '6e95a6684b', time: '2017-12-01T18:33:54.468Z'System info: host: 'GSWD-WIGBAL', ip: '10.238.242.140', os.name: 'Windows 10', os.arch: 'amd64', os.version: '10.0', java.version: '1.8.0_151'Driver info: org.openqa.selenium.chrome.ChromeDriverCapabilities {acceptSslCerts: true, applicationCacheEnabled: false, browserConnectionEnabled: false, browserName: chrome, chrome: {chromedriverVersion: 2.33.506120 (e3e53437346286..., userDataDir: C:\Users\WAJAHA~1.IQB\AppDa...}, cssSelectorsEnabled: true, databaseEnabled: false, handlesAlerts: true, hasTouchScreen: false, javascriptEnabled: true, locationContextEnabled: true, mobileEmulationEnabled: false, nativeEvents: true, networkConnectionEnabled: false, pageLoadStrategy: normal, platform: XP, platformName: XP, rotatable: false, setWindowRect: true, takesHeapSnapshot: true, takesScreenshot: true, unexpectedAlertBehaviour: , unhandledPromptBehavior: , version: 62.0.3202.94, webStorageEnabled: true}Session ID: c1419aa1b30a741b59054263825fe4d6*** Element info: {Using=xpath, value=//*[@id='content']/ul/li[12]/a}at sun.reflect.NativeConstructorAccessorImpl.newInstance0(Native Method)at sun.reflect.NativeConstructorAccessorImpl.newInstance(Unknown Source)at sun.reflect.DelegatingConstructorAccessorImpl.newInstance(Unknown Source)at java.lang.reflect.Constructor.newInstance(Unknown Source)at org.openqa.selenium.remote.ErrorHandler.createThrowable(ErrorHandler.java:214)at org.openqa.selenium.remote.ErrorHandler.throwIfResponseFailed(ErrorHandler.java:166)at org.openqa.selenium.remote.http.JsonHttpResponseCodec.reconstructValue(JsonHttpResponseCodec.java:40)at org.openqa.selenium.remote.http.AbstractHttpResponseCodec.decode(AbstractHttpResponseCodec.java:80)at org.openqa.selenium.remote.http.AbstractHttpResponseCodec.decode(AbstractHttpResponseCodec.java:44)at org.openqa.selenium.remote.HttpCommandExecutor.execute(HttpCommandExecutor.java:164)at org.openqa.selenium.remote.service.DriverCommandExecutor.execute(DriverCommandExecutor.java:83)at org.openqa.selenium.remote.RemoteWebDriver.execute(RemoteWebDriver.java:601)at org.openqa.selenium.remote.RemoteWebDriver.findElement(RemoteWebDriver.java:371)at org.openqa.selenium.remote.RemoteWebDriver.findElementByXPath(RemoteWebDriver.java:473)at org.openqa.selenium.By$ByXPath.findElement(By.java:361)at org.openqa.selenium.remote.RemoteWebDriver.findElement(RemoteWebDriver.java:363)at org.openqa.selenium.support.pagefactory.DefaultElementLocator.findElement(DefaultElementLocator.java:69)at org.openqa.selenium.support.pagefactory.internal.LocatingElementHandler.invoke(LocatingElementHandler.java:38)at com.sun.proxy.$Proxy9.click(Unknown Source)at pageObjectModel.Home.clickDynamicLoading(Home.java:69)at theInternetTestNG.DynamicLoadingTestNG.test(DynamicLoadingTestNG.java:39)at sun.reflect.NativeMethodAccessorImpl.invoke0(Native Method)at sun.reflect.NativeMethodAccessorImpl.invoke(Unknown Source)at sun.reflect.DelegatingMethodAccessorImpl.invoke(Unknown Source)at java.lang.reflect.Method.invoke(Unknown Source)at org.testng.internal.MethodInvocationHelper.invokeMethod(MethodInvocationHelper.java:124)at org.testng.internal.Invoker.invokeMethod(Invoker.java:571)at org.testng.internal.Invoker.invokeTestMethod(Invoker.java:707)at org.testng.internal.Invoker.invokeTestMethods(Invoker.java:979)at org.testng.internal.TestMethodWorker.invokeTestMethods(TestMethodWorker.java:125)at org.testng.internal.TestMethodWorker.run(TestMethodWorker.java:109)at org.testng.TestRunner.privateRun(TestRunner.java:648)at org.testng.TestRunner.run(TestRunner.java:505)at org.testng.SuiteRunner.runTest(SuiteRunner.java:455)at org.testng.SuiteRunner.runSequentially(SuiteRunner.java:450)at org.testng.SuiteRunner.privateRun(SuiteRunner.java:415)at org.testng.SuiteRunner.run(SuiteRunner.java:364)at org.testng.SuiteRunnerWorker.runSuite(SuiteRunnerWorker.java:52)at org.testng.SuiteRunnerWorker.run(SuiteRunnerWorker.java:84)at org.testng.TestNG.runSuitesSequentially(TestNG.java:1187)at org.testng.TestNG.runSuitesLocally(TestNG.java:1116)at org.testng.TestNG.runSuites(TestNG.java:1028)at org.testng.TestNG.run(TestNG.java:996)at org.testng.remote.AbstractRemoteTestNG.run(AbstractRemoteTestNG.java:114)at org.testng.remote.RemoteTestNG.initAndRun(RemoteTestNG.java:251)at org.testng.remote.RemoteTestNG.main(RemoteTestNG.java:77)]]>
            </full-stacktrace>
          </exception> <!-- org.openqa.selenium.NoSuchWindowException -->
          <reporter-output>
          </reporter-output>
        </test-method> <!-- test -->
      </class> <!-- theInternetTestNG.DynamicLoadingTestNG -->
    </test> <!-- Test2 -->
    <test name="Test3" duration-ms="10505" started-at="2017-12-11T17:39:44Z" finished-at="2017-12-11T17:39:55Z">
      <class name="theInternetTestNG.FramesTestNG">
        <test-method status="PASS" signature="pathConnection()[pri:0, instance:theInternetTestNG.FramesTestNG@239963d8]" name="pathConnection" is-config="true" duration-ms="1" started-at="2017-12-11T12:39:44Z" finished-at="2017-12-11T12:39:44Z">
          <reporter-output>
          </reporter-output>
        </test-method> <!-- pathConnection -->
        <test-method status="PASS" signature="Navigate()[pri:0, instance:theInternetTestNG.FramesTestNG@239963d8]" name="Navigate" duration-ms="8421" started-at="2017-12-11T12:39:44Z" finished-at="2017-12-11T12:39:53Z">
          <reporter-output>
          </reporter-output>
        </test-method> <!-- Navigate -->
        <test-method status="PASS" signature="test()[pri:0, instance:theInternetTestNG.FramesTestNG@239963d8]" name="test" duration-ms="2079" started-at="2017-12-11T12:39:53Z" finished-at="2017-12-11T12:39:55Z">
          <reporter-output>
          </reporter-output>
        </test-method> <!-- test -->
      </class> <!-- theInternetTestNG.FramesTestNG -->
    </test> <!-- Test3 -->
    <test name="Test4" duration-ms="6576" started-at="2017-12-11T17:39:55Z" finished-at="2017-12-11T17:40:01Z">
      <class name="theInternetTestNG.JavaScriptAlertTestNG">
        <test-method status="PASS" signature="pathConnection()[pri:0, instance:theInternetTestNG.JavaScriptAlertTestNG@553f17c]" name="pathConnection" is-config="true" duration-ms="0" started-at="2017-12-11T12:39:55Z" finished-at="2017-12-11T12:39:55Z">
          <reporter-output>
          </reporter-output>
        </test-method> <!-- pathConnection -->
        <test-method status="PASS" signature="Navigate()[pri:0, instance:theInternetTestNG.JavaScriptAlertTestNG@553f17c]" name="Navigate" duration-ms="5847" started-at="2017-12-11T12:39:55Z" finished-at="2017-12-11T12:40:01Z">
          <reporter-output>
          </reporter-output>
        </test-method> <!-- Navigate -->
        <test-method status="PASS" signature="test()[pri:0, instance:theInternetTestNG.JavaScriptAlertTestNG@553f17c]" name="test" duration-ms="724" started-at="2017-12-11T12:40:01Z" finished-at="2017-12-11T12:40:01Z">
          <reporter-output>
          </reporter-output>
        </test-method> <!-- test -->
      </class> <!-- theInternetTestNG.JavaScriptAlertTestNG -->
    </test> <!-- Test4 -->
    <test name="Test5" duration-ms="9540" started-at="2017-12-11T17:40:02Z" finished-at="2017-12-11T17:40:11Z">
      <class name="theInternetTestNG.HoversTestNG">
        <test-method status="PASS" signature="pathConnection()[pri:0, instance:theInternetTestNG.HoversTestNG@4cf777e8]" name="pathConnection" is-config="true" duration-ms="1" started-at="2017-12-11T12:40:02Z" finished-at="2017-12-11T12:40:02Z">
          <reporter-output>
          </reporter-output>
        </test-method> <!-- pathConnection -->
        <test-method status="PASS" signature="Navigate()[pri:0, instance:theInternetTestNG.HoversTestNG@4cf777e8]" name="Navigate" duration-ms="8860" started-at="2017-12-11T12:40:02Z" finished-at="2017-12-11T12:40:10Z">
          <reporter-output>
          </reporter-output>
        </test-method> <!-- Navigate -->
        <test-method status="PASS" signature="test()[pri:0, instance:theInternetTestNG.HoversTestNG@4cf777e8]" name="test" duration-ms="675" started-at="2017-12-11T12:40:10Z" finished-at="2017-12-11T12:40:11Z">
          <reporter-output>
          </reporter-output>
        </test-method> <!-- test -->
      </class> <!-- theInternetTestNG.HoversTestNG -->
    </test> <!-- Test5 -->
    <test name="Test6" duration-ms="15961" started-at="2017-12-11T17:40:11Z" finished-at="2017-12-11T17:40:27Z">
      <class name="theInternetTestNG.DropDownTestNG">
        <test-method status="PASS" signature="pathConnection()[pri:0, instance:theInternetTestNG.DropDownTestNG@5bcab519]" name="pathConnection" is-config="true" duration-ms="0" started-at="2017-12-11T12:40:11Z" finished-at="2017-12-11T12:40:11Z">
          <reporter-output>
          </reporter-output>
        </test-method> <!-- pathConnection -->
        <test-method status="PASS" signature="Navigate()[pri:0, instance:theInternetTestNG.DropDownTestNG@5bcab519]" name="Navigate" duration-ms="14978" started-at="2017-12-11T12:40:11Z" finished-at="2017-12-11T12:40:26Z">
          <reporter-output>
          </reporter-output>
        </test-method> <!-- Navigate -->
        <test-method status="PASS" signature="test()[pri:0, instance:theInternetTestNG.DropDownTestNG@5bcab519]" name="test" duration-ms="980" started-at="2017-12-11T12:40:26Z" finished-at="2017-12-11T12:40:27Z">
          <reporter-output>
          </reporter-output>
        </test-method> <!-- test -->
      </class> <!-- theInternetTestNG.DropDownTestNG -->
    </test> <!-- Test6 -->
    <test name="Test7" duration-ms="11271" started-at="2017-12-11T17:40:27Z" finished-at="2017-12-11T17:40:38Z">
      <class name="theInternetTestNG.DynamicControlTestNG">
        <test-method status="PASS" signature="pathConnection()[pri:0, instance:theInternetTestNG.DynamicControlTestNG@6e06451e]" name="pathConnection" is-config="true" duration-ms="0" started-at="2017-12-11T12:40:27Z" finished-at="2017-12-11T12:40:27Z">
          <reporter-output>
          </reporter-output>
        </test-method> <!-- pathConnection -->
        <test-method status="PASS" signature="Navigate()[pri:0, instance:theInternetTestNG.DynamicControlTestNG@6e06451e]" name="Navigate" duration-ms="10154" started-at="2017-12-11T12:40:27Z" finished-at="2017-12-11T12:40:37Z">
          <reporter-output>
          </reporter-output>
        </test-method> <!-- Navigate -->
        <test-method status="PASS" signature="test()[pri:0, instance:theInternetTestNG.DynamicControlTestNG@6e06451e]" name="test" duration-ms="1113" started-at="2017-12-11T12:40:37Z" finished-at="2017-12-11T12:40:38Z">
          <reporter-output>
          </reporter-output>
        </test-method> <!-- test -->
      </class> <!-- theInternetTestNG.DynamicControlTestNG -->
    </test> <!-- Test7 -->
    <test name="Test8" duration-ms="14817" started-at="2017-12-11T17:40:38Z" finished-at="2017-12-11T17:40:53Z">
      <class name="theInternetTestNG.BasicAuthTestNG">
        <test-method status="PASS" signature="pathConnection()[pri:0, instance:theInternetTestNG.BasicAuthTestNG@1ed4004b]" name="pathConnection" is-config="true" duration-ms="0" started-at="2017-12-11T12:40:38Z" finished-at="2017-12-11T12:40:38Z">
          <reporter-output>
          </reporter-output>
        </test-method> <!-- pathConnection -->
        <test-method status="PASS" signature="Navigate()[pri:0, instance:theInternetTestNG.BasicAuthTestNG@1ed4004b]" name="Navigate" duration-ms="13118" started-at="2017-12-11T12:40:38Z" finished-at="2017-12-11T12:40:52Z">
          <reporter-output>
          </reporter-output>
        </test-method> <!-- Navigate -->
        <test-method status="PASS" signature="test()[pri:0, instance:theInternetTestNG.BasicAuthTestNG@1ed4004b]" name="test" duration-ms="1696" started-at="2017-12-11T12:40:52Z" finished-at="2017-12-11T12:40:53Z">
          <reporter-output>
          </reporter-output>
        </test-method> <!-- test -->
      </class> <!-- theInternetTestNG.BasicAuthTestNG -->
    </test> <!-- Test8 -->
  </suite> <!-- Suite -->
</testng-results>
